<?xml version="1.0" encoding="UTF-8"?>
<!-- Generated by org.testng.reporters.JUnitReportReporter -->
<testsuite hostname="LAPTOP-K099KSI4" failures="0" tests="3" name="hackethon.Emi_Calc" time="8.082" errors="0" timestamp="2022-03-31T13:08:26 IST" skipped="0">
  <testcase classname="hackethon.Emi_Calc" name="maximize" time="4.246"/>
  <system-out/>
  <testcase classname="hackethon.Emi_Calc" name="select" time="3.668"/>
  <system-out/>
  <testcase classname="hackethon.Emi_Calc" name="emi" time="0.168"/>
  <system-out/>
</testsuite> <!-- hackethon.Emi_Calc -->
